<?xml version="1.0" encoding="UTF-8"?>
<!-- Generated by org.testng.reporters.JUnitReportReporter -->
<testsuite skipped="0" hostname="DESKTOP-O0RSMQB" name="TestCases.PostTest" tests="2" failures="0" timestamp="13 Aug 2020 09:46:46 GMT" time="1.544" errors="0">
  <testcase name="createApiByid" time="0.640" classname="TestCases.PostTest"/>
  <testcase name="createApi" time="0.904" classname="TestCases.PostTest"/>
</testsuite> <!-- TestCases.PostTest -->
