<?xml version="1.0" encoding="UTF-8"?>
<!-- Generated by org.testng.reporters.JUnitReportReporter -->
<testsuite skipped="0" hostname="DESKTOP-O0RSMQB" name="TestCases.PracticeTest" tests="1" failures="0" timestamp="13 Aug 2020 09:46:46 GMT" time="8.328" errors="0">
  <testcase name="tc" time="8.328" classname="TestCases.PracticeTest"/>
</testsuite> <!-- TestCases.PracticeTest -->
