<?xml version="1.0" encoding="UTF-8"?>
<!-- Generated by org.testng.reporters.JUnitReportReporter -->
<testsuite skipped="0" hostname="DESKTOP-O0RSMQB" name="TestCases.GetTest" tests="2" failures="0" timestamp="13 Aug 2020 09:46:46 GMT" time="9.189" errors="0">
  <testcase name="GetEmpByid" time="0.623" classname="TestCases.GetTest"/>
  <testcase name="GetEmp" time="8.566" classname="TestCases.GetTest"/>
</testsuite> <!-- TestCases.GetTest -->
